Arguments: 
  /usr/bin/node /usr/bin/yarn install

PATH: 
  /home/safwat/.local/bin:/usr/local/sbin:/usr/local/bin:/usr/sbin:/usr/bin:/sbin:/bin:/usr/games:/usr/local/games:/snap/bin:/snap/bin

Yarn version: 
  1.22.19

Node version: 
  18.14.2

Platform: 
  linux x64

Trace: 
  Error: https://registry.yarnpkg.com/@src%2ftypes/bcryptjs: Request "https://registry.yarnpkg.com/@src%2ftypes/bcryptjs" returned a 405
      at params.callback [as _callback] (/usr/lib/node_modules/yarn/lib/cli.js:66154:18)
      at self.callback (/usr/lib/node_modules/yarn/lib/cli.js:140890:22)
      at Request.emit (node:events:513:28)
      at Request.<anonymous> (/usr/lib/node_modules/yarn/lib/cli.js:141862:10)
      at Request.emit (node:events:513:28)
      at IncomingMessage.<anonymous> (/usr/lib/node_modules/yarn/lib/cli.js:141784:12)
      at Object.onceWrapper (node:events:627:28)
      at IncomingMessage.emit (node:events:525:35)
      at endReadableNT (node:internal/streams/readable:1359:12)
      at process.processTicksAndRejections (node:internal/process/task_queues:82:21)

npm manifest: 
  {
    "name": "nodejs-boilerplate",
    "version": "0.1.0",
    "main": "server.js",
    "license": "MIT",
    "keywords": [
      "node.js",
      "express",
      "jwt",
      "authentication",
      "mongodb",
      "typescript",
      "RESTapi",
      "e-commerce"
    ],
    "dependencies": {
      "bcryptjs": "^2.4.3",
      "compression": "^1.7.4",
      "cookie-parser": "^1.4.6",
      "cors": "^2.8.5",
      "dotenv": "^16.0.2",
      "express": "^4.18.1",
      "express-mongo-sanitize": "^2.2.0",
      "express-rate-limit": "^6.7.0",
      "express-session": "^1.17.3",
      "helmet": "^6.0.1",
      "hpp": "^0.2.3",
      "jsonwebtoken": "^8.5.1",
      "mongoose": "^6.6.1",
      "node-geocoder": "^4.2.0",
      "ws": "^8.12.0"
    },
    "scripts": {
      "start": "NODE_ENV=development nodemon ./src",
      "lint": "eslint ./src --ext .ts",
      "debug": "node --inspect --require ts-node/register server.ts",
      "build": "yarn lint && NODE_ENV=production rm -rf dist && tsc -p tsconfig.json && tsc-alias -p tsconfig.json"
    },
    "devDependencies": {
      "@swc/core": "^1.3.1",
      "@swc/helpers": "^0.4.11",
      "@src/types/bcryptjs": "^2.4.2",
      "@src/types/compression": "^1.7.2",
      "@src/types/cors": "^2.8.12",
      "@src/types/express": "^4.17.14",
      "@src/types/express-mongo-sanitize": "^2.1.0",
      "@src/types/express-rate-limit": "^6.0.0",
      "@src/types/express-session": "^1.17.5",
      "@src/types/helmet": "^4.0.0",
      "@src/types/hpp": "^0.2.2",
      "@src/types/jsonwebtoken": "^8.5.9",
      "@src/types/mongoose": "^5.11.97",
      "@src/types/node": "^18.7.18",
      "@src/types/node-geocoder": "^3.24.5",
      "@src/types/ws": "^8.5.4",
      "@typescript-eslint/eslint-plugin": "^5.40.0",
      "@typescript-eslint/parser": "^5.40.0",
      "eslint": "^8.25.0",
      "express-validator": "^6.14.2",
      "nodemon": "^2.0.19",
      "regenerator-runtime": "^0.13.9",
      "ts-node": "^10.9.1",
      "tsconfig-paths": "^4.1.0",
      "tslib": "^2.4.0",
      "typescript": "^4.8.3"
    }
  }

yarn manifest: 
  No manifest

Lockfile: 
  No lockfile
